<?xml version="1.0" encoding="UTF-8"?>
<testng-results ignored="0" total="13" passed="13" failed="0" skipped="0">
  <reporter-output>
  </reporter-output>
  <suite started-at="2021-05-31T05:47:32Z" name="Default suite" finished-at="2021-05-31T05:48:09Z" duration-ms="37141">
    <groups>
      <group name="cucumber">
        <method signature="AbstractTestNGCucumberTests.runScenario(cucumber.api.testng.PickleEventWrapper, cucumber.api.testng.CucumberFeatureWrapper)[pri:0, instance:com.api.Runner.RunCukesTest@41ab013]" name="runScenario" class="cucumber.api.testng.AbstractTestNGCucumberTests"/>
      </group> <!-- cucumber -->
    </groups>
    <test started-at="2021-05-31T05:47:32Z" name="Default test" finished-at="2021-05-31T05:48:09Z" duration-ms="37141">
      <class name="com.api.Runner.RunCukesTest">
        <test-method is-config="true" signature="setUpClass()[pri:0, instance:com.api.Runner.RunCukesTest@41ab013]" started-at="2021-05-31T11:17:32Z" name="setUpClass" finished-at="2021-05-31T11:17:32Z" duration-ms="146" status="PASS">
          <reporter-output>
          </reporter-output>
        </test-method> <!-- setUpClass -->
        <test-method signature="runScenario(cucumber.api.testng.PickleEventWrapper, cucumber.api.testng.CucumberFeatureWrapper)[pri:0, instance:com.api.Runner.RunCukesTest@41ab013]" started-at="2021-05-31T11:17:32Z" name="runScenario" description="Runs Cucumber Scenarios" data-provider="scenarios" finished-at="2021-05-31T11:17:36Z" duration-ms="4008" status="PASS">
          <params>
            <param index="0">
              <value>
                <![CDATA["Get the Bearer token"]]>
              </value>
            </param>
            <param index="1">
              <value>
                <![CDATA["Validating Place API's"]]>
              </value>
            </param>
          </params>
          <reporter-output>
          </reporter-output>
        </test-method> <!-- runScenario -->
        <test-method signature="runScenario(cucumber.api.testng.PickleEventWrapper, cucumber.api.testng.CucumberFeatureWrapper)[pri:0, instance:com.api.Runner.RunCukesTest@41ab013]" started-at="2021-05-31T11:17:36Z" name="runScenario" description="Runs Cucumber Scenarios" data-provider="scenarios" finished-at="2021-05-31T11:17:39Z" duration-ms="3114" status="PASS">
          <params>
            <param index="0">
              <value>
                <![CDATA["Verify if account is being succesfully added using accountAPIs"]]>
              </value>
            </param>
            <param index="1">
              <value>
                <![CDATA["Validating Account APIs"]]>
              </value>
            </param>
          </params>
          <reporter-output>
          </reporter-output>
        </test-method> <!-- runScenario -->
        <test-method signature="runScenario(cucumber.api.testng.PickleEventWrapper, cucumber.api.testng.CucumberFeatureWrapper)[pri:0, instance:com.api.Runner.RunCukesTest@41ab013]" started-at="2021-05-31T11:17:39Z" name="runScenario" description="Runs Cucumber Scenarios" data-provider="scenarios" finished-at="2021-05-31T11:17:42Z" duration-ms="3527" status="PASS">
          <params>
            <param index="0">
              <value>
                <![CDATA["Verify if account is being succesfully added using accountAPIs"]]>
              </value>
            </param>
            <param index="1">
              <value>
                <![CDATA["Validating Account APIs"]]>
              </value>
            </param>
          </params>
          <reporter-output>
          </reporter-output>
        </test-method> <!-- runScenario -->
        <test-method signature="runScenario(cucumber.api.testng.PickleEventWrapper, cucumber.api.testng.CucumberFeatureWrapper)[pri:0, instance:com.api.Runner.RunCukesTest@41ab013]" started-at="2021-05-31T11:17:42Z" name="runScenario" description="Runs Cucumber Scenarios" data-provider="scenarios" finished-at="2021-05-31T11:17:44Z" duration-ms="1964" status="PASS">
          <params>
            <param index="0">
              <value>
                <![CDATA["Verify if account is being succesfully added using accountAPIs"]]>
              </value>
            </param>
            <param index="1">
              <value>
                <![CDATA["Validating Account APIs"]]>
              </value>
            </param>
          </params>
          <reporter-output>
          </reporter-output>
        </test-method> <!-- runScenario -->
        <test-method signature="runScenario(cucumber.api.testng.PickleEventWrapper, cucumber.api.testng.CucumberFeatureWrapper)[pri:0, instance:com.api.Runner.RunCukesTest@41ab013]" started-at="2021-05-31T11:17:44Z" name="runScenario" description="Runs Cucumber Scenarios" data-provider="scenarios" finished-at="2021-05-31T11:17:46Z" duration-ms="1852" status="PASS">
          <params>
            <param index="0">
              <value>
                <![CDATA["Verify if account is being succesfully updated using accountAPIs"]]>
              </value>
            </param>
            <param index="1">
              <value>
                <![CDATA["Validating Account APIs"]]>
              </value>
            </param>
          </params>
          <reporter-output>
          </reporter-output>
        </test-method> <!-- runScenario -->
        <test-method signature="runScenario(cucumber.api.testng.PickleEventWrapper, cucumber.api.testng.CucumberFeatureWrapper)[pri:0, instance:com.api.Runner.RunCukesTest@41ab013]" started-at="2021-05-31T11:17:46Z" name="runScenario" description="Runs Cucumber Scenarios" data-provider="scenarios" finished-at="2021-05-31T11:17:48Z" duration-ms="1826" status="PASS">
          <params>
            <param index="0">
              <value>
                <![CDATA["Verify if account is being succesfully updated using accountAPIs"]]>
              </value>
            </param>
            <param index="1">
              <value>
                <![CDATA["Validating Account APIs"]]>
              </value>
            </param>
          </params>
          <reporter-output>
          </reporter-output>
        </test-method> <!-- runScenario -->
        <test-method signature="runScenario(cucumber.api.testng.PickleEventWrapper, cucumber.api.testng.CucumberFeatureWrapper)[pri:0, instance:com.api.Runner.RunCukesTest@41ab013]" started-at="2021-05-31T11:17:48Z" name="runScenario" description="Runs Cucumber Scenarios" data-provider="scenarios" finished-at="2021-05-31T11:17:50Z" duration-ms="1932" status="PASS">
          <params>
            <param index="0">
              <value>
                <![CDATA["Verify if account is being succesfully updated using accountAPIs"]]>
              </value>
            </param>
            <param index="1">
              <value>
                <![CDATA["Validating Account APIs"]]>
              </value>
            </param>
          </params>
          <reporter-output>
          </reporter-output>
        </test-method> <!-- runScenario -->
        <test-method signature="runScenario(cucumber.api.testng.PickleEventWrapper, cucumber.api.testng.CucumberFeatureWrapper)[pri:0, instance:com.api.Runner.RunCukesTest@41ab013]" started-at="2021-05-31T11:17:50Z" name="runScenario" description="Runs Cucumber Scenarios" data-provider="scenarios" finished-at="2021-05-31T11:17:52Z" duration-ms="1821" status="PASS">
          <params>
            <param index="0">
              <value>
                <![CDATA["Verify if account is being succesfully deleted using accountAPIs"]]>
              </value>
            </param>
            <param index="1">
              <value>
                <![CDATA["Validating Account APIs"]]>
              </value>
            </param>
          </params>
          <reporter-output>
          </reporter-output>
        </test-method> <!-- runScenario -->
        <test-method signature="runScenario(cucumber.api.testng.PickleEventWrapper, cucumber.api.testng.CucumberFeatureWrapper)[pri:0, instance:com.api.Runner.RunCukesTest@41ab013]" started-at="2021-05-31T11:17:52Z" name="runScenario" description="Runs Cucumber Scenarios" data-provider="scenarios" finished-at="2021-05-31T11:17:54Z" duration-ms="2280" status="PASS">
          <params>
            <param index="0">
              <value>
                <![CDATA["Verify if account is being succesfully deleted using accountAPIs"]]>
              </value>
            </param>
            <param index="1">
              <value>
                <![CDATA["Validating Account APIs"]]>
              </value>
            </param>
          </params>
          <reporter-output>
          </reporter-output>
        </test-method> <!-- runScenario -->
        <test-method signature="runScenario(cucumber.api.testng.PickleEventWrapper, cucumber.api.testng.CucumberFeatureWrapper)[pri:0, instance:com.api.Runner.RunCukesTest@41ab013]" started-at="2021-05-31T11:17:54Z" name="runScenario" description="Runs Cucumber Scenarios" data-provider="scenarios" finished-at="2021-05-31T11:17:56Z" duration-ms="1867" status="PASS">
          <params>
            <param index="0">
              <value>
                <![CDATA["Verify if account is being succesfully deleted using accountAPIs"]]>
              </value>
            </param>
            <param index="1">
              <value>
                <![CDATA["Validating Account APIs"]]>
              </value>
            </param>
          </params>
          <reporter-output>
          </reporter-output>
        </test-method> <!-- runScenario -->
        <test-method signature="runScenario(cucumber.api.testng.PickleEventWrapper, cucumber.api.testng.CucumberFeatureWrapper)[pri:0, instance:com.api.Runner.RunCukesTest@41ab013]" started-at="2021-05-31T11:17:56Z" name="runScenario" description="Runs Cucumber Scenarios" data-provider="scenarios" finished-at="2021-05-31T11:18:03Z" duration-ms="6810" status="PASS">
          <params>
            <param index="0">
              <value>
                <![CDATA["Verify if opportunity is being succesfully added using opportunityAPIs"]]>
              </value>
            </param>
            <param index="1">
              <value>
                <![CDATA["Validating opportunity APIs"]]>
              </value>
            </param>
          </params>
          <reporter-output>
          </reporter-output>
        </test-method> <!-- runScenario -->
        <test-method signature="runScenario(cucumber.api.testng.PickleEventWrapper, cucumber.api.testng.CucumberFeatureWrapper)[pri:0, instance:com.api.Runner.RunCukesTest@41ab013]" started-at="2021-05-31T11:18:03Z" name="runScenario" description="Runs Cucumber Scenarios" data-provider="scenarios" finished-at="2021-05-31T11:18:07Z" duration-ms="3889" status="PASS">
          <params>
            <param index="0">
              <value>
                <![CDATA["Verify if opportunity is being succesfully updated using opportunityAPIs"]]>
              </value>
            </param>
            <param index="1">
              <value>
                <![CDATA["Validating opportunity APIs"]]>
              </value>
            </param>
          </params>
          <reporter-output>
          </reporter-output>
        </test-method> <!-- runScenario -->
        <test-method signature="runScenario(cucumber.api.testng.PickleEventWrapper, cucumber.api.testng.CucumberFeatureWrapper)[pri:0, instance:com.api.Runner.RunCukesTest@41ab013]" started-at="2021-05-31T11:18:07Z" name="runScenario" description="Runs Cucumber Scenarios" data-provider="scenarios" finished-at="2021-05-31T11:18:09Z" duration-ms="1849" status="PASS">
          <params>
            <param index="0">
              <value>
                <![CDATA["Verify if opportunity is being succesfully deleted using opportunityAPIs"]]>
              </value>
            </param>
            <param index="1">
              <value>
                <![CDATA["Validating opportunity APIs"]]>
              </value>
            </param>
          </params>
          <reporter-output>
          </reporter-output>
        </test-method> <!-- runScenario -->
        <test-method is-config="true" signature="tearDownClass()[pri:0, instance:com.api.Runner.RunCukesTest@41ab013]" started-at="2021-05-31T11:18:09Z" name="tearDownClass" finished-at="2021-05-31T11:18:09Z" duration-ms="177" status="PASS">
          <reporter-output>
          </reporter-output>
        </test-method> <!-- tearDownClass -->
      </class> <!-- com.api.Runner.RunCukesTest -->
    </test> <!-- Default test -->
  </suite> <!-- Default suite -->
</testng-results>
